Sinh viên laskhdfk đăng nhập
2023-07-28-16-51-04-957: Chấm bài C:\Users\KKenT\Documents\dev c\ontap1.cpp, KQ: Kết quả: 100/100 điểm
Điểm tổng: 2 / 10
Thời gian làm bài: 00:01:44.6626176
2023-07-28-17-06-50-007: Chấm bài C:\Users\KKenT\Documents\dev c\ontap2.cpp, KQ: Kết quả: 90/100 điểm
Điểm tổng: 3.8 / 10
Thời gian làm bài: 00:10:42.2268092
2023-07-28-17-07-28-694: Chấm bài C:\Users\KKenT\Documents\dev c\ontap2.cpp, KQ: Kết quả: 100/100 điểm
Điểm tổng: 4 / 10
Thời gian làm bài: 00:11:34.3552189
2023-07-28-17-26-28-981: Chấm bài C:\Users\KKenT\Documents\dev c\ontap3.cpp, KQ: Kết quả: 60/100 điểm
Điểm tổng: 5.8 / 10
Thời gian làm bài: 00:07:12.5560406
2023-07-28-17-27-15-674: Chấm bài C:\Users\KKenT\Documents\dev c\ontap3.cpp, KQ: Kết quả: 60/100 điểm
Điểm tổng: 5.8 / 10
Thời gian làm bài: 00:08:28.2359604
2023-07-28-17-28-06-176: Chấm bài C:\Users\KKenT\Documents\dev c\ontap3.cpp, KQ: Kết quả: 100/100 điểm
Điểm tổng: 7 / 10
Thời gian làm bài: 00:09:19.2677774
Sinh viên laskhdfk đăng nhập
2023-07-29-00-09-57-785: Chấm bài C:\Users\KKenT\Documents\dev c\ontap4.cpp, KQ: Kết quả: 60/100 điểm
Điểm tổng: 1.8 / 10
Thời gian làm bài: 06:40:50.5324978
2023-07-29-00-12-03-345: Chấm bài C:\Users\KKenT\Documents\dev c\ontap4.cpp, KQ: Kết quả: 60/100 điểm
Điểm tổng: 1.8 / 10
Thời gian làm bài: 06:43:30.3329188
2023-07-29-00-16-04-014: Chấm bài C:\Users\KKenT\Documents\dev c\ontap4.cpp, KQ: Kết quả: 100/100 điểm
Điểm tổng: 3 / 10
Thời gian làm bài: 06:47:44.6411057
